Fri Aug 24 2018 19:46:23 GMT+0530 (India Standard Time) : GET /
Fri Aug 24 2018 19:46:29 GMT+0530 (India Standard Time) : GET /about
Fri Aug 24 2018 19:49:03 GMT+0530 (India Standard Time) : GET /about
Fri Aug 24 2018 19:49:05 GMT+0530 (India Standard Time) : GET /about
Fri Aug 24 2018 19:49:06 GMT+0530 (India Standard Time) : GET /about
Fri Aug 24 2018 19:49:06 GMT+0530 (India Standard Time) : GET /about
Fri Aug 24 2018 19:49:07 GMT+0530 (India Standard Time) : GET /about
Fri Aug 24 2018 19:49:08 GMT+0530 (India Standard Time) : GET /about
Fri Aug 24 2018 19:49:12 GMT+0530 (India Standard Time) : GET /
Fri Aug 24 2018 19:50:24 GMT+0530 (India Standard Time) : GET /
Fri Aug 24 2018 19:50:25 GMT+0530 (India Standard Time) : GET /
Fri Aug 24 2018 19:50:26 GMT+0530 (India Standard Time) : GET /
Fri Aug 24 2018 19:50:26 GMT+0530 (India Standard Time) : GET /
Fri Aug 24 2018 19:50:27 GMT+0530 (India Standard Time) : GET /
Fri Aug 24 2018 19:50:49 GMT+0530 (India Standard Time) : GET /
Fri Aug 24 2018 19:50:50 GMT+0530 (India Standard Time) : GET /
Fri Aug 24 2018 19:51:05 GMT+0530 (India Standard Time) : GET /
Fri Aug 24 2018 19:51:06 GMT+0530 (India Standard Time) : GET /
Fri Aug 24 2018 19:53:50 GMT+0530 (India Standard Time) : GET /about
Fri Aug 24 2018 19:54:01 GMT+0530 (India Standard Time) : GET /about
Fri Aug 24 2018 19:55:35 GMT+0530 (India Standard Time) : GET /about
Fri Aug 24 2018 19:55:40 GMT+0530 (India Standard Time) : GET /
Fri Aug 24 2018 19:59:03 GMT+0530 (India Standard Time) : GET /help.html
Sat Aug 25 2018 09:43:08 GMT+0530 (India Standard Time) : GET /help.html
Sat Aug 25 2018 09:43:10 GMT+0530 (India Standard Time) : GET /help.html
Sat Aug 25 2018 09:43:17 GMT+0530 (India Standard Time) : GET /
Sat Aug 25 2018 09:43:22 GMT+0530 (India Standard Time) : GET /about
Sat Aug 25 2018 10:03:24 GMT+0530 (India Standard Time) : GET /about
Sat Aug 25 2018 10:03:26 GMT+0530 (India Standard Time) : GET /project
Sat Aug 25 2018 10:04:38 GMT+0530 (India Standard Time) : GET /project
Sat Aug 25 2018 10:04:41 GMT+0530 (India Standard Time) : GET /
